
aperobot




http://pbs.twimg.com/profile_images/1328488924/robotsolo_back_bigger.jpg
http://pbs.twimg.com/profile_images/1633217570/essai-sas8_bigger.jpg
http://pbs.twimg.com/profile_images/1633217570/essai-sas8_bigger.jpg
http://pbs.twimg.com/profile_images/433619274/avatar_bigger.jpg
http://pbs.twimg.com/profile_images/1328488924/robotsolo_back_bigger.jpg
http://pbs.twimg.com/profile_images/421083282348851201/pCi4vUA9_normal.png
http://pbs.twimg.com/profile_images/429466060601827328/YrkWx8rF_normal.jpeg
http://pbs.twimg.com/profile_images/416251441557143552/zbtv4WAh_normal.png
http://pbs.twimg.com/profile_images/3468484615/d7f791d1d69b6632d344367fc888c52c_normal.jpeg
http://pbs.twimg.com/profile_images/2449509523/f0gkhyhpwmv7m6ncyxbl_normal.png
http://pbs.twimg.com/profile_images/378800000452959740/eb0cb545c11d8cce3f9ceb7279f4544d_normal.jpeg
http://pbs.twimg.com/profile_images/1633217570/essai-sas8_bigger.jpg
http://pbs.twimg.com/profile_images/1633217570/essai-sas8_bigger.jpg
http://pbs.twimg.com/profile_images/433619274/avatar_bigger.jpg

http://pbs.twimg.com/profile_images/421083282348851201/pCi4vUA9_normal.png
http://pbs.twimg.com/profile_images/429466060601827328/YrkWx8rF_normal.jpeg
http://pbs.twimg.com/profile_images/416251441557143552/zbtv4WAh_normal.png
http://pbs.twimg.com/profile_images/3468484615/d7f791d1d69b6632d344367fc888c52c_normal.jpeg
http://pbs.twimg.com/profile_images/2449509523/f0gkhyhpwmv7m6ncyxbl_normal.png
http://pbs.twimg.com/profile_images/378800000452959740/eb0cb545c11d8cce3f9ceb7279f4544d_normal.jpeg
http://pbs.twimg.com/profile_images/1633217570/essai-sas8_bigger.jpg
http://pbs.twimg.com/profile_images/1633217570/essai-sas8_bigger.jpg
http://pbs.twimg.com/profile_images/433619274/avatar_bigger.jpg
http://pbs.twimg.com/profile_images/1328488924/robotsolo_back_bigger.jpg
http://pbs.twimg.com/profile_images/421083282348851201/pCi4vUA9_normal.png
http://pbs.twimg.com/profile_images/429466060601827328/YrkWx8rF_normal.jpeg
http://pbs.twimg.com/profile_images/416251441557143552/zbtv4WAh_normal.png
http://pbs.twimg.com/profile_images/3468484615/d7f791d1d69b6632d344367fc888c52c_normal.jpeg
http://pbs.twimg.com/profile_images/2449509523/f0gkhyhpwmv7m6ncyxbl_normal.png
http://pbs.twimg.com/profile_images/378800000452959740/eb0cb545c11d8cce3f9ceb7279f4544d_normal.jpeg
NULL
NULL
NULL
NULL
NULL
NULL
NULL
NULL
NULL
''
''
''
''
''
'<div class="tweet-attachment" data-qt-attachment="http://pbs.twimg.com/media/BgJejaMIMAE3ZSs.jpg"></div>'
''
''
'<div class="tweet-attachment" data-qt-attachment="http://pbs.twimg.com/media/Be6URDxIIAApaqI.jpg"></div>'
